#
# A fatal error has been detected by the Java Runtime Environment:
#
#  EXCEPTION_ACCESS_VIOLATION (0xc0000005) at pc=0x0000000066be6732, pid=7948, tid=7044
#
# JRE version: Java(TM) SE Runtime Environment (8.0_60-b27) (build 1.8.0_60-b27)
# Java VM: Java HotSpot(TM) 64-Bit Server VM (25.60-b23 mixed mode windows-amd64 compressed oops)
# Problematic frame:
# C  [gdx-box2d64.dll+0x26732]
#
# Failed to write core dump. Minidumps are not enabled by default on client versions of Windows
#
# If you would like to submit a bug report, please visit:
#   http://bugreport.java.com/bugreport/crash.jsp
# The crash happened outside the Java Virtual Machine in native code.
# See problematic frame for where to report the bug.
#

---------------  T H R E A D  ---------------

Current thread (0x000000001a176000):  JavaThread "LWJGL Application" [_thread_in_native, id=7044, stack(0x000000001bc30000,0x000000001bd30000)]

siginfo: ExceptionCode=0xc0000005, reading address 0x000000001fd0b550

Registers:
RAX=0x00000000d7e89028, RBX=0x000000001a1761f8, RCX=0x0000000000000000, RDX=0x0000000061cf5d40
RSP=0x000000001bd2ec40, RBP=0x000000001bd2ece0, RSI=0x000000001bd2ecb0, RDI=0x000000001fd0b510
R8 =0x00000000d7e89018, R9 =0x0000000000000001, R10=0x000000000000000c, R11=0x000000000305db20
R12=0x0000000000000000, R13=0x000000001bd2ed50, R14=0x0000000000000000, R15=0x000000001a176000
RIP=0x0000000066be6732, EFLAGS=0x0000000000010206

Top of Stack: (sp=0x000000001bd2ec40)
0x000000001bd2ec40:   000000001a1761f8 000000001bd2ece0
0x000000001bd2ec50:   000000001bd2ecb0 0000000000000025
0x000000001bd2ec60:   00000000179476e8 00000000d7e88fc0
0x000000001bd2ec70:   0000000022b63c28 00000000030463cd
0x000000001bd2ec80:   0000000000000007 0000000022b8be10
0x000000001bd2ec90:   0000000017799c90 000000001a176000
0x000000001bd2eca0:   00000000d7e88fc0 000000006161b49b
0x000000001bd2ecb0:   00000000d7e89018 000000001bd2edb0
0x000000001bd2ecc0:   00000000178e0c28 00000000178e0c28
0x000000001bd2ecd0:   00000000000000b6 000000001a176000
0x000000001bd2ece0:   000000001bd2ed98 000000000305db94
0x000000001bd2ecf0:   0000000002bf56d0 0000000000000000
0x000000001bd2ed00:   000000001bd2eed0 000000001bd2ee78
0x000000001bd2ed10:   00000001000a3290 00000000d7e88fc0
0x000000001bd2ed20:   0000000017799c90 000000001a176000
0x000000001bd2ed30:   000000001bd2ed98 0000000002bf7a70 

Instructions: (pc=0x0000000066be6732)
0x0000000066be6712:   53 48 83 ec 20 48 8b 01 48 89 cb 4c 89 c7 4c 89
0x0000000066be6722:   ce 45 31 c0 4c 89 ca ff 90 f0 06 00 00 48 8b 13
0x0000000066be6732:   f3 0f 10 4f 40 f3 0f 10 47 44 49 89 c0 45 31 c9
0x0000000066be6742:   48 89 d9 f3 0f 11 08 4c 8b 92 f8 06 00 00 48 89 


Register to memory mapping:

RAX=0x00000000d7e89028 is an oop

[error occurred during error reporting (printing register info), id 0xc0000005]

Stack: [0x000000001bc30000,0x000000001bd30000],  sp=0x000000001bd2ec40,  free space=1019k
Native frames: (J=compiled Java code, j=interpreted, Vv=VM code, C=native code)
C  [gdx-box2d64.dll+0x26732]
C  0x00000000030463cd

Java frames: (J=compiled Java code, j=interpreted, Vv=VM code)
J 1158  com.badlogic.gdx.physics.box2d.Body.jniGetLinearVelocity(J[F)V (0 bytes) @ 0x000000000304634f [0x0000000003046300+0x4f]
J 1181 C1 com.badlogic.gdx.physics.box2d.Body.getLinearVelocity()Lcom/badlogic/gdx/math/Vector2; (43 bytes) @ 0x000000000305db94 [0x000000000305db00+0x94]
j  si.banani.entities.Player.getState()Lsi/banani/entities/PlayerState;+4
j  si.banani.entities.Player.getCurrentFrame(F)Lcom/badlogic/gdx/graphics/g2d/TextureRegion;+2
j  si.banani.entities.Player.render(Lcom/badlogic/gdx/graphics/g2d/SpriteBatch;F)V+3
j  si.banani.maps.LoneMap.render(Lcom/badlogic/gdx/graphics/g2d/SpriteBatch;F)V+27
j  si.banani.maps.MapManager.renderCurrentMap(Lcom/badlogic/gdx/graphics/g2d/SpriteBatch;F)V+13
j  si.banani.screens.Play.render(F)V+132
j  com.badlogic.gdx.Game.render()V+19
j  si.banani.learning.LearningGdx.render()V+1
j  com.badlogic.gdx.backends.lwjgl.LwjglApplication.mainLoop()V+698
j  com.badlogic.gdx.backends.lwjgl.LwjglApplication$1.run()V+27
v  ~StubRoutines::call_stub

---------------  P R O C E S S  ---------------

Java Threads: ( => current thread )
  0x000000001b48d800 JavaThread "LWJGL Timer" daemon [_thread_blocked, id=7920, stack(0x000000001f8b0000,0x000000001f9b0000)]
  0x000000001b1ef800 JavaThread "AsynchExecutor-Thread" daemon [_thread_blocked, id=7680, stack(0x000000001f7b0000,0x000000001f8b0000)]
  0x0000000002ace800 JavaThread "DestroyJavaVM" [_thread_blocked, id=8636, stack(0x0000000002960000,0x0000000002a60000)]
=>0x000000001a176000 JavaThread "LWJGL Application" [_thread_in_native, id=7044, stack(0x000000001bc30000,0x000000001bd30000)]
  0x000000001a0ff000 JavaThread "Monitor Ctrl-Break" daemon [_thread_in_native, id=9484, stack(0x000000001a9d0000,0x000000001aad0000)]
  0x0000000019e28000 JavaThread "Service Thread" daemon [_thread_blocked, id=7664, stack(0x000000001a7d0000,0x000000001a8d0000)]
  0x0000000019e13000 JavaThread "C1 CompilerThread3" daemon [_thread_blocked, id=7196, stack(0x000000001a6d0000,0x000000001a7d0000)]
  0x0000000019e0e000 JavaThread "C2 CompilerThread2" daemon [_thread_in_native, id=6352, stack(0x000000001a5d0000,0x000000001a6d0000)]
  0x0000000019dff800 JavaThread "C2 CompilerThread1" daemon [_thread_in_native, id=4272, stack(0x000000001a4d0000,0x000000001a5d0000)]
  0x0000000019dfc000 JavaThread "C2 CompilerThread0" daemon [_thread_blocked, id=9248, stack(0x000000001a3d0000,0x000000001a4d0000)]
  0x0000000019df9800 JavaThread "Attach Listener" daemon [_thread_blocked, id=3032, stack(0x000000001a2d0000,0x000000001a3d0000)]
  0x0000000019df8800 JavaThread "Signal Dispatcher" daemon [_thread_blocked, id=4764, stack(0x000000001a1d0000,0x000000001a2d0000)]
  0x0000000002bec000 JavaThread "Finalizer" daemon [_thread_blocked, id=6720, stack(0x0000000019a80000,0x0000000019b80000)]
  0x0000000017bad800 JavaThread "Reference Handler" daemon [_thread_blocked, id=7288, stack(0x0000000019980000,0x0000000019a80000)]

Other Threads:
  0x0000000017ba9000 VMThread [stack: 0x0000000019880000,0x0000000019980000] [id=6696]
  0x0000000019ee0000 WatcherThread [stack: 0x000000001a8d0000,0x000000001a9d0000] [id=2740]

VM state:not at safepoint (normal execution)

VM Mutex/Monitor currently owned by a thread: None

Heap:
 PSYoungGen      total 38400K, used 8006K [0x00000000d5c00000, 0x00000000d8680000, 0x0000000100000000)
  eden space 33280K, 8% used [0x00000000d5c00000,0x00000000d5ed29d0,0x00000000d7c80000)
  from space 5120K, 99% used [0x00000000d7c80000,0x00000000d817f1e0,0x00000000d8180000)
  to   space 5120K, 0% used [0x00000000d8180000,0x00000000d8180000,0x00000000d8680000)
 ParOldGen       total 87552K, used 793K [0x0000000081400000, 0x0000000086980000, 0x00000000d5c00000)
  object space 87552K, 0% used [0x0000000081400000,0x00000000814c6628,0x0000000086980000)
 Metaspace       used 9484K, capacity 9587K, committed 9728K, reserved 1058816K
  class space    used 928K, capacity 944K, committed 1024K, reserved 1048576K

Card table byte_map: [0x0000000011fb0000,0x00000000123b0000] byte_map_base: 0x0000000011ba6000

Marking Bits: (ParMarkBitMap*) 0x0000000061d6a5b0
 Begin Bits: [0x0000000012e60000, 0x0000000014e10000)
 End Bits:   [0x0000000014e10000, 0x0000000016dc0000)

Polling page: 0x00000000010d0000

CodeCache: size=245760Kb used=4677Kb max_used=4693Kb free=241082Kb
 bounds [0x0000000002bf0000, 0x0000000003090000, 0x0000000011bf0000]
 total_blobs=1754 nmethods=1235 adapters=432
 compilation: enabled

Compilation events (10 events):
Event: 3.241 Thread 0x0000000019e13000 1232       3       com.badlogic.gdx.utils.Array::<init> (7 bytes)
Event: 3.241 Thread 0x0000000019e13000 nmethod 1232 0x0000000003082190 code [0x0000000003082300, 0x00000000030825b0]
Event: 3.242 Thread 0x0000000019e0e000 1233       4       com.badlogic.gdx.utils.LongMap::hash2 (22 bytes)
Event: 3.242 Thread 0x0000000019e0e000 nmethod 1233 0x0000000002fe2050 code [0x0000000002fe2180, 0x0000000002fe21f8]
Event: 3.243 Thread 0x0000000019dfc000 1234 %     4       com.jcraft.jogg.StreamState::init @ 16 (92 bytes)
Event: 3.244 Thread 0x0000000019e0e000 1235 %     4       com.jcraft.jorbis.StaticCodeBook::unpack @ 104 (489 bytes)
Event: 3.248 Thread 0x0000000019dff800 nmethod 1231% 0x0000000003082bd0 code [0x0000000003082d80, 0x00000000030838c8]
Event: 3.248 Thread 0x0000000019dff800 1236 %     4       com.jcraft.jorbis.Floor1::inverse1 @ 237 (590 bytes)
Event: 3.249 Thread 0x0000000019dfc000 nmethod 1234% 0x00000000030840d0 code [0x0000000003084220, 0x00000000030844f8]
Event: 3.249 Thread 0x0000000019dfc000 1237  s    4       com.jcraft.jorbis.Residue0::_2inverse (288 bytes)

GC Heap History (2 events):
Event: 0.987 GC heap before
{Heap before GC invocations=1 (full 0):
 PSYoungGen      total 38400K, used 33280K [0x00000000d5c00000, 0x00000000d8680000, 0x0000000100000000)
  eden space 33280K, 100% used [0x00000000d5c00000,0x00000000d7c80000,0x00000000d7c80000)
  from space 5120K, 0% used [0x00000000d8180000,0x00000000d8180000,0x00000000d8680000)
  to   space 5120K, 0% used [0x00000000d7c80000,0x00000000d7c80000,0x00000000d8180000)
 ParOldGen       total 87552K, used 0K [0x0000000081400000, 0x0000000086980000, 0x00000000d5c00000)
  object space 87552K, 0% used [0x0000000081400000,0x0000000081400000,0x0000000086980000)
 Metaspace       used 9118K, capacity 9171K, committed 9472K, reserved 1058816K
  class space    used 906K, capacity 912K, committed 1024K, reserved 1048576K
Event: 0.991 GC heap after
Heap after GC invocations=1 (full 0):
 PSYoungGen      total 38400K, used 5116K [0x00000000d5c00000, 0x00000000d8680000, 0x0000000100000000)
  eden space 33280K, 0% used [0x00000000d5c00000,0x00000000d5c00000,0x00000000d7c80000)
  from space 5120K, 99% used [0x00000000d7c80000,0x00000000d817f1e0,0x00000000d8180000)
  to   space 5120K, 0% used [0x00000000d8180000,0x00000000d8180000,0x00000000d8680000)
 ParOldGen       total 87552K, used 793K [0x0000000081400000, 0x0000000086980000, 0x00000000d5c00000)
  object space 87552K, 0% used [0x0000000081400000,0x00000000814c6628,0x0000000086980000)
 Metaspace       used 9118K, capacity 9171K, committed 9472K, reserved 1058816K
  class space    used 906K, capacity 912K, committed 1024K, reserved 1048576K
}

Deoptimization events (10 events):
Event: 0.824 Thread 0x000000001b1ef800 Uncommon trap: reason=unstable_if action=reinterpret pc=0x0000000002ef75ec method=com.jcraft.jorbis.StaticCodeBook.unquantize()[F @ 90
Event: 0.840 Thread 0x000000001a176000 Uncommon trap: reason=class_check action=maybe_recompile pc=0x0000000002eb57cc method=com.badlogic.gdx.assets.AssetLoadingTask.handleAsyncLoader()V @ 137
Event: 0.908 Thread 0x000000001a176000 Uncommon trap: reason=bimorphic action=maybe_recompile pc=0x0000000002f35848 method=com.badlogic.gdx.assets.AssetLoadingTask.handleAsyncLoader()V @ 137
Event: 0.908 Thread 0x000000001a176000 Uncommon trap: reason=unstable_if action=reinterpret pc=0x0000000002eef54c method=com.badlogic.gdx.utils.ObjectMap.containsKey(Ljava/lang/Object;)Z @ 41
Event: 0.908 Thread 0x000000001a176000 Uncommon trap: reason=unstable_if action=reinterpret pc=0x0000000002ec1704 method=com.badlogic.gdx.utils.ObjectMap.containsKey(Ljava/lang/Object;)Z @ 41
Event: 0.908 Thread 0x000000001a176000 Uncommon trap: reason=unstable_if action=reinterpret pc=0x0000000002ebe4e8 method=com.badlogic.gdx.utils.ObjectMap.containsKey(Ljava/lang/Object;)Z @ 41
Event: 3.210 Thread 0x000000001b1ef800 Uncommon trap: reason=unstable_if action=reinterpret pc=0x0000000003049f7c method=com.badlogic.gdx.utils.Array.iterator()Ljava/util/Iterator; @ 4
Event: 3.210 Thread 0x000000001b1ef800 Uncommon trap: reason=unstable_if action=reinterpret pc=0x0000000003039e58 method=com.badlogic.gdx.utils.Array$ArrayIterable.iterator()Ljava/util/Iterator; @ 4
Event: 3.242 Thread 0x000000001a176000 Uncommon trap: reason=array_check action=maybe_recompile pc=0x000000000301c6cc method=com.badlogic.gdx.utils.Array.add(Ljava/lang/Object;)V @ 46
Event: 3.251 Thread 0x000000001a176000 Uncommon trap: reason=unstable_if action=reinterpret pc=0x0000000003009da8 method=com.badlogic.gdx.maps.tiled.TiledMapTileLayer.getCell(II)Lcom/badlogic/gdx/maps/tiled/TiledMapTileLayer$Cell; @ 23

Internal exceptions (10 events):
Event: 0.262 Thread 0x0000000002ace800 Exception <a 'java/security/PrivilegedActionException'> (0x00000000d62a6f10) thrown at [C:\re\workspace\8-2-build-windows-amd64-cygwin\jdk8u60\4407\hotspot\src\share\vm\prims\jvm.cpp, line 1386]
Event: 0.262 Thread 0x0000000002ace800 Exception <a 'java/security/PrivilegedActionException'> (0x00000000d62a7b68) thrown at [C:\re\workspace\8-2-build-windows-amd64-cygwin\jdk8u60\4407\hotspot\src\share\vm\prims\jvm.cpp, line 1386]
Event: 0.262 Thread 0x0000000002ace800 Exception <a 'java/security/PrivilegedActionException'> (0x00000000d62a8790) thrown at [C:\re\workspace\8-2-build-windows-amd64-cygwin\jdk8u60\4407\hotspot\src\share\vm\prims\jvm.cpp, line 1386]
Event: 0.669 Thread 0x000000001a176000 Implicit null exception at 0x0000000002e9a93d to 0x0000000002e9af41
Event: 0.669 Thread 0x000000001a176000 Implicit null exception at 0x0000000002e99df9 to 0x0000000002e9a27d
Event: 0.680 Thread 0x000000001a176000 Implicit null exception at 0x0000000002e97f2c to 0x0000000002e98289
Event: 0.706 Thread 0x000000001a176000 Implicit null exception at 0x0000000002eaf606 to 0x0000000002eaf9e5
Event: 0.706 Thread 0x000000001a176000 Implicit null exception at 0x0000000002eab4b9 to 0x0000000002eab70d
Event: 3.210 Thread 0x000000001b1ef800 Implicit null exception at 0x0000000003049f10 to 0x0000000003049f69
Event: 3.210 Thread 0x000000001b1ef800 Implicit null exception at 0x0000000003039df0 to 0x0000000003039e45

Events (10 events):
Event: 3.223 loading class com/badlogic/gdx/math/Polygon
Event: 3.223 loading class com/badlogic/gdx/math/Polygon done
Event: 3.242 Thread 0x000000001a176000 Uncommon trap: trap_request=0xffffffd6 fr.pc=0x000000000301c6cc
Event: 3.242 Thread 0x000000001a176000 DEOPT PACKING pc=0x000000000301c6cc sp=0x000000001bd2ec10
Event: 3.243 Thread 0x000000001a176000 DEOPT UNPACKING pc=0x0000000002c3582a sp=0x000000001bd2eba0 mode 2
Event: 3.249 Thread 0x000000001a176000 DEOPT PACKING pc=0x0000000002f2e4f1 sp=0x000000001bd2e7d0
Event: 3.249 Thread 0x000000001a176000 DEOPT UNPACKING pc=0x0000000002c3787f sp=0x000000001bd2e4d0 mode 0
Event: 3.251 Thread 0x000000001a176000 Uncommon trap: trap_request=0xffffff65 fr.pc=0x0000000003009da8
Event: 3.251 Thread 0x000000001a176000 DEOPT PACKING pc=0x0000000003009da8 sp=0x000000001bd2edb0
Event: 3.251 Thread 0x000000001a176000 DEOPT UNPACKING pc=0x0000000002c3582a sp=0x000000001bd2ed48 mode 2


Dynamic libraries:
0x00007ff77d910000 - 0x00007ff77d947000 	C:\Program Files\Java\jdk1.8.0_60\bin\java.exe
0x00007ff81ade0000 - 0x00007ff81af8c000 	C:\Windows\SYSTEM32\ntdll.dll
0x00007ff81a220000 - 0x00007ff81a35e000 	C:\Windows\system32\KERNEL32.DLL
0x00007ff8180c0000 - 0x00007ff8181d5000 	C:\Windows\system32\KERNELBASE.dll
0x00007ff816020000 - 0x00007ff8160ae000 	C:\Windows\system32\apphelp.dll
0x00007ff807fe0000 - 0x00007ff808033000 	C:\Windows\AppPatch\AppPatch64\AcGenral.DLL
0x00007ff81a060000 - 0x00007ff81a10a000 	C:\Windows\system32\msvcrt.dll
0x00007ff817de0000 - 0x00007ff817e0e000 	C:\Windows\SYSTEM32\SspiCli.dll
0x00007ff81a940000 - 0x00007ff81a994000 	C:\Windows\system32\SHLWAPI.dll
0x00007ff819a50000 - 0x00007ff819bc7000 	C:\Windows\system32\USER32.dll
0x00007ff81a9a0000 - 0x00007ff81ab34000 	C:\Windows\system32\ole32.dll
0x00007ff818470000 - 0x00007ff819989000 	C:\Windows\system32\SHELL32.dll
0x00007ff8170e0000 - 0x00007ff817101000 	C:\Windows\SYSTEM32\USERENV.dll
0x00007ff819d90000 - 0x00007ff819e3a000 	C:\Windows\system32\ADVAPI32.dll
0x00007ff80a770000 - 0x00007ff80a78e000 	C:\Windows\SYSTEM32\MPR.dll
0x00007ff81ac90000 - 0x00007ff81add1000 	C:\Windows\system32\RPCRT4.dll
0x00007ff819bd0000 - 0x00007ff819c29000 	C:\Windows\SYSTEM32\sechost.dll
0x00007ff819e40000 - 0x00007ff81a051000 	C:\Windows\SYSTEM32\combase.dll
0x00007ff81ab40000 - 0x00007ff81ac90000 	C:\Windows\system32\GDI32.dll
0x00007ff817f40000 - 0x00007ff817f55000 	C:\Windows\SYSTEM32\profapi.dll
0x00007ff8173f0000 - 0x00007ff8174a2000 	C:\Windows\SYSTEM32\SHCORE.dll
0x00007ff81a730000 - 0x00007ff81a766000 	C:\Windows\system32\IMM32.DLL
0x00007ff819c30000 - 0x00007ff819d82000 	C:\Windows\system32\MSCTF.dll
0x00007ff8177c0000 - 0x00007ff817a3a000 	C:\Windows\WinSxS\amd64_microsoft.windows.common-controls_6595b64144ccf1df_6.0.9600.17810_none_6240b9c7ecbd0bda\COMCTL32.dll
0x00000000631b0000 - 0x0000000063282000 	C:\Program Files\Java\jdk1.8.0_60\jre\bin\msvcr100.dll
0x0000000061560000 - 0x0000000061de9000 	C:\Program Files\Java\jdk1.8.0_60\jre\bin\server\jvm.dll
0x00007ff816990000 - 0x00007ff816999000 	C:\Windows\SYSTEM32\WSOCK32.dll
0x00007ff811ed0000 - 0x00007ff811ef2000 	C:\Windows\SYSTEM32\WINMM.dll
0x00007ff816650000 - 0x00007ff81665a000 	C:\Windows\SYSTEM32\VERSION.dll
0x00007ff81a930000 - 0x00007ff81a937000 	C:\Windows\system32\PSAPI.DLL
0x00007ff81a3d0000 - 0x00007ff81a42a000 	C:\Windows\system32\WS2_32.dll
0x00007ff811ea0000 - 0x00007ff811eca000 	C:\Windows\SYSTEM32\WINMMBASE.dll
0x00007ff81a200000 - 0x00007ff81a209000 	C:\Windows\system32\NSI.dll
0x00007ff818010000 - 0x00007ff81805f000 	C:\Windows\SYSTEM32\cfgmgr32.dll
0x00007ff8162a0000 - 0x00007ff8162c8000 	C:\Windows\SYSTEM32\DEVOBJ.dll
0x00000000631a0000 - 0x00000000631af000 	C:\Program Files\Java\jdk1.8.0_60\jre\bin\verify.dll
0x0000000063170000 - 0x0000000063199000 	C:\Program Files\Java\jdk1.8.0_60\jre\bin\java.dll
0x0000000063150000 - 0x0000000063166000 	C:\Program Files\Java\jdk1.8.0_60\jre\bin\zip.dll
0x00007ff816a10000 - 0x00007ff816a1f000 	C:\Program Files\Android\Android Studio\bin\breakgen64.dll
0x0000000063130000 - 0x000000006314a000 	C:\Program Files\Java\jdk1.8.0_60\jre\bin\net.dll
0x00007ff817350000 - 0x00007ff8173a9000 	C:\Windows\system32\mswsock.dll
0x0000000065580000 - 0x0000000065616000 	C:\Users\Urban\AppData\Local\Temp\libgdxUrban\8aad67a5\gdx64.dll
0x00007ff8173b0000 - 0x00007ff8173d0000 	C:\Windows\SYSTEM32\CRYPTSP.dll
0x00007ff816fd0000 - 0x00007ff817006000 	C:\Windows\system32\rsaenh.dll
0x00007ff817ad0000 - 0x00007ff817af6000 	C:\Windows\SYSTEM32\bcrypt.dll
0x00007ff817e10000 - 0x00007ff817e73000 	C:\Windows\system32\bcryptprimitives.dll
0x00007ff817e80000 - 0x00007ff817e8b000 	C:\Windows\SYSTEM32\CRYPTBASE.dll
0x00007ff816750000 - 0x00007ff81677a000 	C:\Windows\SYSTEM32\IPHLPAPI.DLL
0x00007ff817750000 - 0x00007ff81775a000 	C:\Windows\SYSTEM32\WINNSI.DLL
0x00007ff811a20000 - 0x00007ff811a36000 	C:\Windows\SYSTEM32\dhcpcsvc6.DLL
0x00007ff811a00000 - 0x00007ff811a1a000 	C:\Windows\SYSTEM32\dhcpcsvc.DLL
0x0000000063110000 - 0x0000000063121000 	C:\Program Files\Java\jdk1.8.0_60\jre\bin\nio.dll
0x0000000180000000 - 0x0000000180053000 	C:\Users\Urban\AppData\Local\Temp\libgdxUrban\dc0f0009\lwjgl64.dll
0x00007ffff2090000 - 0x00007ffff21bb000 	C:\Windows\SYSTEM32\OPENGL32.dll
0x00007ff807660000 - 0x00007ff80768e000 	C:\Windows\SYSTEM32\GLU32.dll
0x00007ffffea00000 - 0x00007ffffeaf8000 	C:\Windows\SYSTEM32\DDRAW.dll
0x00007ff815850000 - 0x00007ff815859000 	C:\Windows\SYSTEM32\DCIMAN32.dll
0x000000001b600000 - 0x000000001b664000 	C:\Users\Urban\AppData\Local\Temp\libgdxUrban\dc0f0009\OpenAL64.dll
0x00007ff8160b0000 - 0x00007ff8160bb000 	C:\Windows\SYSTEM32\kernel.appcore.dll
0x00007ff816100000 - 0x00007ff816229000 	C:\Windows\system32\uxtheme.dll
0x00007ff819990000 - 0x00007ff819a46000 	C:\Windows\SYSTEM32\clbcatq.dll
0x00007ff8016b0000 - 0x00007ff80174d000 	C:\Windows\SYSTEM32\dsound.dll
0x00007ff8174d0000 - 0x00007ff817516000 	C:\Windows\SYSTEM32\POWRPROF.dll
0x00007ff8152a0000 - 0x00007ff815310000 	C:\Windows\System32\MMDevApi.dll
0x00007ff811e10000 - 0x00007ff811e8e000 	C:\Windows\SYSTEM32\AUDIOSES.DLL
0x00007ff81a130000 - 0x00007ff81a1f1000 	C:\Windows\system32\OLEAUT32.dll
0x00007ff815890000 - 0x00007ff8158b1000 	C:\Windows\system32\dwmapi.dll
0x00007ff800170000 - 0x00007ff800188000 	C:\Windows\SYSTEM32\atig6pxx.dll
0x00007ff815750000 - 0x00007ff81581f000 	C:\Windows\SYSTEM32\atiadlxx.dll
0x00007ff8131b0000 - 0x00007ff81332f000 	C:\Windows\SYSTEM32\PROPSYS.dll
0x00007ff816000000 - 0x00007ff816012000 	C:\Windows\SYSTEM32\WTSAPI32.dll
0x00007ff81a490000 - 0x00007ff81a66a000 	C:\Windows\system32\SETUPAPI.dll
0x00007ff818060000 - 0x00007ff8180b1000 	C:\Windows\system32\WINTRUST.dll
0x00007ff8181e0000 - 0x00007ff8183bf000 	C:\Windows\system32\CRYPT32.dll
0x00007ff817ff0000 - 0x00007ff818001000 	C:\Windows\system32\MSASN1.dll
0x00007fffe5a30000 - 0x00007fffe6362000 	C:\Windows\SYSTEM32\ig75icd64.dll
0x00007ff8127c0000 - 0x00007ff8131a4000 	C:\Windows\SYSTEM32\igdusc64.dll
0x00007ffff8920000 - 0x00007ffff893e000 	C:\Windows\SYSTEM32\atig6txx.dll
0x00007ff814d60000 - 0x00007ff814e91000 	C:\Windows\SYSTEM32\aticfx64.dll
0x00007ffffdcb0000 - 0x00007ffffdd42000 	C:\Windows\SYSTEM32\mscms.dll
0x00007fffeab50000 - 0x00007fffeab91000 	C:\Windows\SYSTEM32\icm32.dll
0x0000000066bc0000 - 0x0000000066c7b000 	C:\Users\Urban\AppData\Local\Temp\libgdxUrban\b6038e5c\gdx-box2d64.dll
0x00007fffe8540000 - 0x00007fffe86c9000 	C:\Windows\SYSTEM32\dbghelp.dll

VM Arguments:
jvm_args: -Didea.launcher.port=7536 -Didea.launcher.bin.path=C:\Program Files\Android\Android Studio\bin -Dfile.encoding=UTF-8 
java_command: com.intellij.rt.execution.application.AppMain si.banani.learning.desktop.DesktopLauncher
java_class_path (initial): C:\Program Files\Java\jdk1.8.0_60\jre\lib\charsets.jar;C:\Program Files\Java\jdk1.8.0_60\jre\lib\deploy.jar;C:\Program Files\Java\jdk1.8.0_60\jre\lib\ext\access-bridge-64.jar;C:\Program Files\Java\jdk1.8.0_60\jre\lib\ext\cldrdata.jar;C:\Program Files\Java\jdk1.8.0_60\jre\lib\ext\dnsns.jar;C:\Program Files\Java\jdk1.8.0_60\jre\lib\ext\jaccess.jar;C:\Program Files\Java\jdk1.8.0_60\jre\lib\ext\jfxrt.jar;C:\Program Files\Java\jdk1.8.0_60\jre\lib\ext\localedata.jar;C:\Program Files\Java\jdk1.8.0_60\jre\lib\ext\nashorn.jar;C:\Program Files\Java\jdk1.8.0_60\jre\lib\ext\sunec.jar;C:\Program Files\Java\jdk1.8.0_60\jre\lib\ext\sunjce_provider.jar;C:\Program Files\Java\jdk1.8.0_60\jre\lib\ext\sunmscapi.jar;C:\Program Files\Java\jdk1.8.0_60\jre\lib\ext\sunpkcs11.jar;C:\Program Files\Java\jdk1.8.0_60\jre\lib\ext\zipfs.jar;C:\Program Files\Java\jdk1.8.0_60\jre\lib\javaws.jar;C:\Program Files\Java\jdk1.8.0_60\jre\lib\jce.jar;C:\Program Files\Java\jdk1.8.0_60\jre\lib\jfr.jar;C:\Program Files\Java\jdk1.8.0_60\jre\lib\jfxswt.jar;C:\Program Files\Java\jdk1.8.0_60\jre\lib\jsse.jar;C:\Program Files\Java\jdk1.8.0_60\jre\lib\management-agent.jar;C:\Program Files\Java\jdk1.8.0_60\jre\lib\plugin.jar;C:\Program Files\Java\jdk1.8.0_60\jre\lib\resources.jar;C:\Program Files\Java\jdk1.8.0_60\jre\lib\rt.jar;C:\Users\Urban\Desktop\BtsProjectTest\desktop\build\classes\main;C:\Users\Urban\Desktop\BtsProjectTest\core\build\classes\main;C:\Users\Urban\.gradle\caches\modules-2\files-2.1\com.badlogicgames.gdx\gdx\1.9.4\4b4b7962d1bc75af0438f5c81ec1010557bc9ee5\gdx-1.9.4.jar;C:\Users\Urban\.gradle\caches\modules-2\files-2.1\com.badlogicgames.gdx\gdx-box2d\1.9.4\98a0d25c9f0637fecac6e4aacf7287aa635964f5\gdx-box2d-1.9.4.jar;C:\Users\Urban\Desktop\BtsProjectTest\libs\box2dlights-1.5-SNAPSHOT.jar;C:\Users\Urban\Desktop\BtsProjectTest\libs\tween-engine-api-sources.jar;C:\Users\Urban\Desktop\BtsProjectTest\libs\tween-engine-api.jar;C:\Users\Urban\Desktop\BtsProjectTest\core\build\li
Launcher Type: SUN_STANDARD

Environment Variables:
PATH=C:\Program Files (x86)\Intel\iCLS Client\;C:\Program Files\Intel\iCLS Client\;C:\ProgramData\Oracle\Java\javapath;C:\Windows\system32;C:\Windows;C:\Windows\System32\Wbem;C:\Windows\System32\WindowsPowerShell\v1.0\;D:\Program Files\ATI Technologies\ATI.ACE\Core-Static;C:\Program Files\Intel\Intel(R) Management Engine Components\DAL;C:\Program Files\Intel\Intel(R) Management Engine Components\IPT;C:\Program Files (x86)\Intel\Intel(R) Management Engine Components\DAL;C:\Program Files (x86)\Intel\Intel(R) Management Engine Components\IPT;C:\Users\Urban\.dnx\bin;C:\Program Files\Microsoft DNX\Dnvm\;C:\Program Files\Microsoft SQL Server\120\Tools\Binn\;D:\Program Files\MiKTeX 2.9\miktex\bin\x64\;c:\Program Files\Java\jdk1.8.0_60\bin;C:\Program Files (x86)\Skype\Phone\;D:\Program Files\MATLAB\R2016a\runtime\win64;D:\Program Files\MATLAB\R2016a\bin;D:\Program Files\MATLAB\R2016a\polyspace\bin;C:\Users\Urban\Anaconda3;C:\Users\Urban\Anaconda3\Scripts;C:\Users\Urban\Anaconda3\Library\bin
USERNAME=Urban
OS=Windows_NT
PROCESSOR_IDENTIFIER=Intel64 Family 6 Model 60 Stepping 3, GenuineIntel



---------------  S Y S T E M  ---------------

OS: Windows 8.1 , 64 bit Build 9600 (6.3.9600.17415)

CPU:total 8 (4 cores per cpu, 2 threads per core) family 6 model 60 stepping 3, cmov, cx8, fxsr, mmx, sse, sse2, sse3, ssse3, sse4.1, sse4.2, popcnt, avx, avx2, aes, clmul, erms, lzcnt, ht, tsc, tscinvbit, bmi1, bmi2

Memory: 4k page, physical 8302152k(3899496k free), swap 16690760k(9722984k free)

vm_info: Java HotSpot(TM) 64-Bit Server VM (25.60-b23) for windows-amd64 JRE (1.8.0_60-b27), built on Aug  4 2015 11:06:27 by "java_re" with MS VC++ 10.0 (VS2010)

time: Sun Jan 29 20:15:04 2017
elapsed time: 3 seconds (0d 0h 0m 3s)

